d:\users\edwin\github\hackey\hurricane\hurricane\hurricane\debug\vc120.pdb
d:\users\edwin\github\hackey\hurricane\hurricane\hurricane\debug\vc120.idb
d:\users\edwin\github\hackey\hurricane\hurricane\hurricane\debug\component.obj
d:\users\edwin\github\hackey\hurricane\hurricane\hurricane\debug\debuglog.obj
d:\users\edwin\github\hackey\hurricane\hurricane\hurricane\debug\frustum.obj
d:\users\edwin\github\hackey\hurricane\hurricane\hurricane\debug\game.obj
d:\users\edwin\github\hackey\hurricane\hurricane\hurricane\debug\gameobject.obj
d:\users\edwin\github\hackey\hurricane\hurricane\hurricane\debug\hurricaneproperties.obj
d:\users\edwin\github\hackey\hurricane\hurricane\hurricane\debug\imagemanager.obj
d:\users\edwin\github\hackey\hurricane\hurricane\hurricane\debug\inputhandler.obj
d:\users\edwin\github\hackey\hurricane\hurricane\hurricane\debug\iomanager.obj
d:\users\edwin\github\hackey\hurricane\hurricane\hurricane\debug\level.obj
d:\users\edwin\github\hackey\hurricane\hurricane\hurricane\debug\model.obj
d:\users\edwin\github\hackey\hurricane\hurricane\hurricane\debug\modelmanager.obj
d:\users\edwin\github\hackey\hurricane\hurricane\hurricane\debug\openglrenderer.obj
d:\users\edwin\github\hackey\hurricane\hurricane\hurricane\debug\physicsengine.obj
d:\users\edwin\github\hackey\hurricane\hurricane\hurricane\debug\sdlimage.obj
d:\users\edwin\github\hackey\hurricane\hurricane\hurricane\debug\shaderprogram.obj
d:\users\edwin\github\hackey\hurricane\hurricane\hurricane\debug\shaderprogrammanager.obj
d:\users\edwin\github\hackey\hurricane\hurricane\hurricane\debug\timer.obj
d:\users\edwin\github\hackey\hurricane\hurricane\hurricane\debug\tinyxml2.obj
d:\users\edwin\github\hackey\hurricane\hurricane\hurricane\debug\vertex.obj
d:\users\edwin\github\hackey\hurricane\hurricane\hurricane\debug\audioengine.obj
d:\users\edwin\github\hackey\hurricane\hurricane\hurricane\debug\camera.obj
d:\users\edwin\github\hackey\hurricane\hurricane\hurricane\debug\clock.obj
d:\users\edwin\github\hackey\hurricane\hurricane\debug\hurricane.lib
d:\users\edwin\github\hackey\hurricane\hurricane\hurricane\debug\hurricane.tlog\cl.command.1.tlog
d:\users\edwin\github\hackey\hurricane\hurricane\hurricane\debug\hurricane.tlog\cl.read.1.tlog
d:\users\edwin\github\hackey\hurricane\hurricane\hurricane\debug\hurricane.tlog\cl.write.1.tlog
d:\users\edwin\github\hackey\hurricane\hurricane\hurricane\debug\hurricane.tlog\lib-link.11336.read.1.tlog
d:\users\edwin\github\hackey\hurricane\hurricane\hurricane\debug\hurricane.tlog\lib-link.11336.write.1.tlog
d:\users\edwin\github\hackey\hurricane\hurricane\hurricane\debug\hurricane.tlog\lib-link.read.1.tlog
d:\users\edwin\github\hackey\hurricane\hurricane\hurricane\debug\hurricane.tlog\lib.command.1.tlog
