  Vertex.cpp
d:\users\edwin\github\hackey\hurricane\hurricane\hurricane\Vertex.h(17): fatal error C1083: Cannot open include file: 'glew.h': No such file or directory
  Timer.cpp
Timer.cpp(14): warning C4244: '=' : conversion from 'hFLOAT' to 'LONGLONG', possible loss of data
Timer.cpp(19): warning C4244: '=' : conversion from 'hFLOAT' to 'LONGLONG', possible loss of data
Timer.cpp(29): warning C4244: '=' : conversion from 'hFLOAT' to 'LONGLONG', possible loss of data
Timer.cpp(37): warning C4244: '=' : conversion from 'hFLOAT' to 'LONGLONG', possible loss of data
  ShaderProgramManager.cpp
d:\users\edwin\github\hackey\hurricane\hurricane\hurricane\ShaderProgram.h(14): fatal error C1083: Cannot open include file: 'glew.h': No such file or directory
  ShaderProgram.cpp
d:\users\edwin\github\hackey\hurricane\hurricane\hurricane\ShaderProgram.h(14): fatal error C1083: Cannot open include file: 'glew.h': No such file or directory
  SdlImage.cpp
d:\users\edwin\github\hackey\hurricane\hurricane\hurricane\SdlImage.h(14): fatal error C1083: Cannot open include file: 'glew.h': No such file or directory
  PhysicsEngine.cpp
  OpenGLRenderer.cpp
d:\users\edwin\github\hackey\hurricane\hurricane\hurricane\OpenGLRenderer.h(17): fatal error C1083: Cannot open include file: 'SDL.h': No such file or directory
  ModelManager.cpp
d:\users\edwin\github\hackey\hurricane\hurricane\hurricane\Model.h(18): fatal error C1083: Cannot open include file: 'glew.h': No such file or directory
  Model.cpp
d:\users\edwin\github\hackey\hurricane\hurricane\hurricane\Model.h(18): fatal error C1083: Cannot open include file: 'glew.h': No such file or directory
  Level.cpp
d:\users\edwin\github\hackey\hurricane\hurricane\hurricane\Camera.h(14): fatal error C1083: Cannot open include file: 'glew.h': No such file or directory
  IOManager.cpp
IOManager.cpp(18): warning C4244: 'initializing' : conversion from 'std::streamoff' to 'hINT', possible loss of data
IOManager.cpp(24): warning C4244: '-=' : conversion from 'std::streamoff' to 'hINT', possible loss of data
  InputHandler.cpp
d:\users\edwin\github\hackey\hurricane\hurricane\hurricane\InputHandler.h(18): fatal error C1083: Cannot open include file: 'SDL.h': No such file or directory
  ImageManager.cpp
d:\users\edwin\github\hackey\hurricane\hurricane\hurricane\SdlImage.h(14): fatal error C1083: Cannot open include file: 'glew.h': No such file or directory
  HurricaneProperties.cpp
HurricaneProperties.cpp(70): warning C4244: '=' : conversion from 'int' to 'hFLOAT', possible loss of data
HurricaneProperties.cpp(72): warning C4244: '=' : conversion from 'int' to 'hFLOAT', possible loss of data
HurricaneProperties.cpp(74): warning C4244: '=' : conversion from 'int' to 'hFLOAT', possible loss of data
  GameObject.cpp
d:\users\edwin\github\hackey\hurricane\hurricane\hurricane\HMath.h(20): fatal error C1083: Cannot open include file: 'glm.hpp': No such file or directory
  Game.cpp
d:\users\edwin\github\hackey\hurricane\hurricane\hurricane\AbstractRenderer.h(19): fatal error C1083: Cannot open include file: 'SDL.h': No such file or directory
  Frustum.cpp
d:\users\edwin\github\hackey\hurricane\hurricane\hurricane\HMath.h(20): fatal error C1083: Cannot open include file: 'glm.hpp': No such file or directory
  DebugLog.cpp
  Debug.cpp
  Component.cpp
d:\users\edwin\github\hackey\hurricane\hurricane\hurricane\ShaderProgram.h(14): fatal error C1083: Cannot open include file: 'glew.h': No such file or directory
  Generating Code...
  Compiling...
  Clock.cpp
  Camera.cpp
d:\users\edwin\github\hackey\hurricane\hurricane\hurricane\Camera.h(14): fatal error C1083: Cannot open include file: 'glew.h': No such file or directory
  AudioEngine.cpp
  Generating Code...
